build/app/intermediates/manifest_merge_blame_file/release/manifest-merger-blame-release-report.txt
1<?xml version="1.0" encoding="utf-8"?>
2<manifest xmlns:android="http://schemas.android.com/apk/res/android"
3    package="com.huseyinasccigmail.f_mesajlasma_uygulamasi"
4    android:versionCode="1"
5    android:versionName="1.0.0" >
6
7    <uses-sdk
8        android:minSdkVersion="16"
8-->src\main\AndroidManifest.xml
9        android:targetSdkVersion="29" />
9-->src\main\AndroidManifest.xml
10    <!--
11         io.flutter.app.FlutterApplication is an android.app.Application that
12         calls FlutterMain.startInitialization(this); in its onCreate method.
13         In most cases you can leave this as-is, but you if you want to provide
14         additional functionality it is fine to subclass or reimplement
15         FlutterApplication and put your custom class here.
16    -->
17    <uses-permission android:name="android.permission.INTERNET" />
17-->src\main\AndroidManifest.xml:8:5-66
17-->src\main\AndroidManifest.xml:8:22-64
18    <uses-permission android:name="android.permission.RECEIVE_BOOT_COMPLETED" />
18-->src\main\AndroidManifest.xml:9:5-80
18-->src\main\AndroidManifest.xml:9:22-78
19    <uses-permission android:name="android.permission.VIBRATE" />
19-->src\main\AndroidManifest.xml:10:5-66
19-->src\main\AndroidManifest.xml:10:22-63
20    <uses-permission android:name="android.permission.WAKE_LOCK" />
20-->src\main\AndroidManifest.xml:11:5-68
20-->src\main\AndroidManifest.xml:11:22-65
21    <uses-permission android:name="android.permission.USE_FULL_SCREEN_INTENT" />
21-->src\main\AndroidManifest.xml:12:5-81
21-->src\main\AndroidManifest.xml:12:22-78
22    <uses-permission android:name="android.permission.READ_EXTERNAL_STORAGE" />
22-->[:image_picker] AndroidManifest.xml:7:5-80
22-->[:image_picker] AndroidManifest.xml:7:22-77
23    <uses-permission android:name="android.permission.WRITE_EXTERNAL_STORAGE" /> <!-- Although the *SdkVersion is captured in gradle build files, this is required for non gradle builds -->
23-->[:image_picker] AndroidManifest.xml:8:5-81
23-->[:image_picker] AndroidManifest.xml:8:22-78
24    <!-- <uses-sdk android:minSdkVersion="14"/> -->
25    <uses-permission android:name="android.permission.ACCESS_NETWORK_STATE" /> <!-- Required by older versions of Google Play services to create IID tokens -->
25-->[com.google.android.datatransport:transport-backend-cct:2.2.0] AndroidManifest.xml:25:5-79
25-->[com.google.android.datatransport:transport-backend-cct:2.2.0] AndroidManifest.xml:25:22-76
26    <uses-permission android:name="com.google.android.c2dm.permission.RECEIVE" />
26-->[com.google.firebase:firebase-iid:20.3.0] AndroidManifest.xml:26:5-82
26-->[com.google.firebase:firebase-iid:20.3.0] AndroidManifest.xml:26:22-79
27    <uses-permission android:name="com.google.android.finsky.permission.BIND_GET_INSTALL_REFERRER_SERVICE" />
27-->[com.google.android.gms:play-services-measurement:17.5.0] AndroidManifest.xml:26:5-110
27-->[com.google.android.gms:play-services-measurement:17.5.0] AndroidManifest.xml:26:22-107
28
29    <application
29-->src\main\AndroidManifest.xml:13:5-60:19
30        android:name="com.huseyinasccigmail.f_mesajlasma_uygulamasi.Application"
30-->src\main\AndroidManifest.xml:14:9-36
31        android:appComponentFactory="androidx.core.app.CoreComponentFactory"
31-->[androidx.core:core:1.3.0] AndroidManifest.xml:24:18-86
32        android:icon="@mipmap/ic_launcher"
32-->src\main\AndroidManifest.xml:15:9-43
33        android:label="Burning Chat" >
33-->src\main\AndroidManifest.xml:16:9-37
34        <activity
34-->src\main\AndroidManifest.xml:17:9-51:20
35            android:name="com.huseyinasccigmail.f_mesajlasma_uygulamasi.MainActivity"
35-->src\main\AndroidManifest.xml:18:13-41
36            android:configChanges="orientation|keyboardHidden|keyboard|screenSize|smallestScreenSize|locale|layoutDirection|fontScale|screenLayout|density|uiMode"
36-->src\main\AndroidManifest.xml:19:13-163
37            android:hardwareAccelerated="true"
37-->src\main\AndroidManifest.xml:20:13-47
38            android:launchMode="singleTop"
38-->src\main\AndroidManifest.xml:21:13-43
39            android:theme="@style/LaunchTheme"
39-->src\main\AndroidManifest.xml:22:13-47
40            android:windowSoftInputMode="adjustResize" >
40-->src\main\AndroidManifest.xml:23:13-55
41
42            <!--
43                 Specifies an Android theme to apply to this Activity as soon as
44                 the Android process has started. This theme is visible to the user
45                 while the Flutter UI initializes. After that, this theme continues
46                 to determine the Window background behind the Flutter UI.
47            -->
48            <meta-data
48-->src\main\AndroidManifest.xml:28:13-30:57
49                android:name="io.flutter.embedding.android.NormalTheme"
49-->src\main\AndroidManifest.xml:29:17-72
50                android:resource="@style/NormalTheme" />
50-->src\main\AndroidManifest.xml:30:17-54
51            <!--
52                 Displays an Android View that continues showing the launch screen
53                 Drawable until Flutter paints its first frame, then this splash
54                 screen fades out. A splash screen is useful to avoid any visual
55                 gap between the end of Android's launch screen and the painting of
56                 Flutter's first frame.
57            -->
58            <meta-data
58-->src\main\AndroidManifest.xml:36:13-38:66
59                android:name="io.flutter.embedding.android.SplashScreenDrawable"
59-->src\main\AndroidManifest.xml:37:17-81
60                android:resource="@drawable/launch_background" />
60-->src\main\AndroidManifest.xml:38:17-63
61            <meta-data
61-->src\main\AndroidManifest.xml:39:13-41:75
62                android:name="com.google.firebase.messaging.default_notification_channel_id"
62-->src\main\AndroidManifest.xml:40:17-93
63                android:value="@string/default_notification_channel_id" />
63-->src\main\AndroidManifest.xml:41:17-72
64
65            <intent-filter>
65-->src\main\AndroidManifest.xml:43:13-46:29
66                <action android:name="android.intent.action.MAIN" />
66-->src\main\AndroidManifest.xml:44:17-69
66-->src\main\AndroidManifest.xml:44:25-66
67
68                <category android:name="android.intent.category.LAUNCHER" />
68-->src\main\AndroidManifest.xml:45:17-77
68-->src\main\AndroidManifest.xml:45:27-74
69            </intent-filter>
70            <intent-filter>
70-->src\main\AndroidManifest.xml:47:13-50:29
71                <action android:name="FLUTTER_NOTIFICATION_CLICK" />
71-->src\main\AndroidManifest.xml:48:17-69
71-->src\main\AndroidManifest.xml:48:25-66
72
73                <category android:name="android.intent.category.DEFAULT" />
73-->src\main\AndroidManifest.xml:49:17-76
73-->src\main\AndroidManifest.xml:49:27-73
74            </intent-filter>
75        </activity>
76
77        <meta-data
77-->src\main\AndroidManifest.xml:52:9-54:69
78            android:name="com.google.android.gms.ads.APPLICATION_ID"
78-->src\main\AndroidManifest.xml:53:13-69
79            android:value="ca-app-pub-3940256099942544~3347511713" />
79-->src\main\AndroidManifest.xml:54:13-67
80        <!--
81             Don't delete the meta-data below.
82             This is used by the Flutter tool to generate GeneratedPluginRegistrant.java
83        -->
84        <meta-data
84-->src\main\AndroidManifest.xml:57:9-59:33
85            android:name="flutterEmbedding"
85-->src\main\AndroidManifest.xml:58:13-44
86            android:value="2" />
86-->src\main\AndroidManifest.xml:59:13-30
87
88        <service
88-->[:firebase_storage] AndroidManifest.xml:8:9-12:19
89            android:name="com.google.firebase.components.ComponentDiscoveryService"
89-->[:firebase_storage] AndroidManifest.xml:8:18-89
90            android:directBootAware="true"
90-->[com.google.firebase:firebase-common:19.3.0] AndroidManifest.xml:34:13-43
91            android:exported="false" >
91-->[com.google.firebase:firebase-messaging:20.3.0] AndroidManifest.xml:38:13-37
92            <meta-data
92-->[:firebase_storage] AndroidManifest.xml:9:13-11:85
93                android:name="com.google.firebase.components:io.flutter.plugins.firebase.storage.FlutterFirebaseAppRegistrar"
93-->[:firebase_storage] AndroidManifest.xml:10:17-126
94                android:value="com.google.firebase.components.ComponentRegistrar" />
94-->[:firebase_storage] AndroidManifest.xml:11:17-82
95            <meta-data
95-->[:firebase_messaging] AndroidManifest.xml:14:13-16:85
96                android:name="com.google.firebase.components:io.flutter.plugins.firebasemessaging.FlutterFirebaseAppRegistrar"
96-->[:firebase_messaging] AndroidManifest.xml:15:17-127
97                android:value="com.google.firebase.components.ComponentRegistrar" />
97-->[:firebase_messaging] AndroidManifest.xml:16:17-82
98            <meta-data
98-->[:cloud_firestore] AndroidManifest.xml:9:13-11:85
99                android:name="com.google.firebase.components:io.flutter.plugins.firebase.firestore.FlutterFirebaseFirestoreRegistrar"
99-->[:cloud_firestore] AndroidManifest.xml:10:17-134
100                android:value="com.google.firebase.components.ComponentRegistrar" />
100-->[:cloud_firestore] AndroidManifest.xml:11:17-82
101            <meta-data
101-->[:firebase_auth] AndroidManifest.xml:9:13-11:85
102                android:name="com.google.firebase.components:io.flutter.plugins.firebase.auth.FlutterFirebaseAuthRegistrar"
102-->[:firebase_auth] AndroidManifest.xml:10:17-124
103                android:value="com.google.firebase.components.ComponentRegistrar" />
103-->[:firebase_auth] AndroidManifest.xml:11:17-82
104            <meta-data
104-->[:firebase_core] AndroidManifest.xml:9:13-11:85
105                android:name="com.google.firebase.components:io.flutter.plugins.firebase.core.FlutterFirebaseCoreRegistrar"
105-->[:firebase_core] AndroidManifest.xml:10:17-124
106                android:value="com.google.firebase.components.ComponentRegistrar" />
106-->[:firebase_core] AndroidManifest.xml:11:17-82
107            <meta-data
107-->[com.google.firebase:firebase-messaging:20.3.0] AndroidManifest.xml:39:13-41:85
108                android:name="com.google.firebase.components:com.google.firebase.messaging.FirebaseMessagingRegistrar"
108-->[com.google.firebase:firebase-messaging:20.3.0] AndroidManifest.xml:40:17-119
109                android:value="com.google.firebase.components.ComponentRegistrar" />
109-->[com.google.firebase:firebase-messaging:20.3.0] AndroidManifest.xml:41:17-82
110            <meta-data
110-->[com.google.firebase:firebase-datatransport:17.0.3] AndroidManifest.xml:28:13-30:85
111                android:name="com.google.firebase.components:com.google.firebase.datatransport.TransportRegistrar"
111-->[com.google.firebase:firebase-datatransport:17.0.3] AndroidManifest.xml:29:17-115
112                android:value="com.google.firebase.components.ComponentRegistrar" />
112-->[com.google.firebase:firebase-datatransport:17.0.3] AndroidManifest.xml:30:17-82
113            <meta-data
113-->[com.google.android.gms:play-services-measurement-api:17.5.0] AndroidManifest.xml:30:13-32:85
114                android:name="com.google.firebase.components:com.google.firebase.analytics.connector.internal.AnalyticsConnectorRegistrar"
114-->[com.google.android.gms:play-services-measurement-api:17.5.0] AndroidManifest.xml:31:17-139
115                android:value="com.google.firebase.components.ComponentRegistrar" />
115-->[com.google.android.gms:play-services-measurement-api:17.5.0] AndroidManifest.xml:32:17-82
116            <meta-data
116-->[com.google.firebase:firebase-iid:20.3.0] AndroidManifest.xml:32:13-34:85
117                android:name="com.google.firebase.components:com.google.firebase.iid.Registrar"
117-->[com.google.firebase:firebase-iid:20.3.0] AndroidManifest.xml:33:17-96
118                android:value="com.google.firebase.components.ComponentRegistrar" />
118-->[com.google.firebase:firebase-iid:20.3.0] AndroidManifest.xml:34:17-82
119            <meta-data
119-->[com.google.firebase:firebase-installations:16.3.3] AndroidManifest.xml:17:13-19:85
120                android:name="com.google.firebase.components:com.google.firebase.installations.FirebaseInstallationsRegistrar"
120-->[com.google.firebase:firebase-installations:16.3.3] AndroidManifest.xml:18:17-127
121                android:value="com.google.firebase.components.ComponentRegistrar" />
121-->[com.google.firebase:firebase-installations:16.3.3] AndroidManifest.xml:19:17-82
122            <meta-data
122-->[com.google.firebase:firebase-auth:19.3.1] AndroidManifest.xml:36:13-38:85
123                android:name="com.google.firebase.components:com.google.firebase.auth.FirebaseAuthRegistrar"
123-->[com.google.firebase:firebase-auth:19.3.1] AndroidManifest.xml:37:17-109
124                android:value="com.google.firebase.components.ComponentRegistrar" />
124-->[com.google.firebase:firebase-auth:19.3.1] AndroidManifest.xml:38:17-82
125            <meta-data
125-->[com.google.firebase:firebase-storage:19.1.1] AndroidManifest.xml:33:13-35:85
126                android:name="com.google.firebase.components:com.google.firebase.storage.StorageRegistrar"
126-->[com.google.firebase:firebase-storage:19.1.1] AndroidManifest.xml:34:17-107
127                android:value="com.google.firebase.components.ComponentRegistrar" />
127-->[com.google.firebase:firebase-storage:19.1.1] AndroidManifest.xml:35:17-82
128            <meta-data
128-->[com.google.firebase:firebase-firestore:21.4.3] AndroidManifest.xml:20:13-22:85
129                android:name="com.google.firebase.components:com.google.firebase.firestore.FirestoreRegistrar"
129-->[com.google.firebase:firebase-firestore:21.4.3] AndroidManifest.xml:21:17-111
130                android:value="com.google.firebase.components.ComponentRegistrar" />
130-->[com.google.firebase:firebase-firestore:21.4.3] AndroidManifest.xml:22:17-82
131        </service>
132        <service android:name="io.flutter.plugins.firebasemessaging.FlutterFirebaseMessagingService" >
132-->[:firebase_messaging] AndroidManifest.xml:8:9-12:19
132-->[:firebase_messaging] AndroidManifest.xml:8:18-101
133            <intent-filter>
133-->[:firebase_messaging] AndroidManifest.xml:9:13-11:29
134                <action android:name="com.google.firebase.MESSAGING_EVENT" />
134-->[:firebase_messaging] AndroidManifest.xml:10:17-78
134-->[:firebase_messaging] AndroidManifest.xml:10:25-75
135            </intent-filter>
136        </service>
137        <!--
138             FirebaseMessagingService performs security checks at runtime,
139             but set to not exported to explicitly avoid allowing another app to call it.
140        -->
141        <service
141-->[com.google.firebase:firebase-messaging:20.3.0] AndroidManifest.xml:28:9-35:19
142            android:name="com.google.firebase.messaging.FirebaseMessagingService"
142-->[com.google.firebase:firebase-messaging:20.3.0] AndroidManifest.xml:29:13-82
143            android:directBootAware="true"
143-->[com.google.firebase:firebase-messaging:20.3.0] AndroidManifest.xml:30:13-43
144            android:exported="false" >
144-->[com.google.firebase:firebase-messaging:20.3.0] AndroidManifest.xml:31:13-37
145            <intent-filter android:priority="-500" >
145-->[:firebase_messaging] AndroidManifest.xml:9:13-11:29
146                <action android:name="com.google.firebase.MESSAGING_EVENT" />
146-->[:firebase_messaging] AndroidManifest.xml:10:17-78
146-->[:firebase_messaging] AndroidManifest.xml:10:25-75
147            </intent-filter>
148        </service>
149
150        <provider
150-->[:image_picker] AndroidManifest.xml:11:9-19:20
151            android:name="io.flutter.plugins.imagepicker.ImagePickerFileProvider"
151-->[:image_picker] AndroidManifest.xml:12:13-82
152            android:authorities="com.huseyinasccigmail.f_mesajlasma_uygulamasi.flutter.image_provider"
152-->[:image_picker] AndroidManifest.xml:13:13-74
153            android:exported="false"
153-->[:image_picker] AndroidManifest.xml:14:13-37
154            android:grantUriPermissions="true" >
154-->[:image_picker] AndroidManifest.xml:15:13-47
155            <meta-data
155-->[:image_picker] AndroidManifest.xml:16:13-18:75
156                android:name="android.support.FILE_PROVIDER_PATHS"
156-->[:image_picker] AndroidManifest.xml:17:17-67
157                android:resource="@xml/flutter_image_picker_file_paths" />
157-->[:image_picker] AndroidManifest.xml:18:17-72
158        </provider>
159
160        <service
160-->[com.google.android.datatransport:transport-backend-cct:2.2.0] AndroidManifest.xml:29:9-35:19
161            android:name="com.google.android.datatransport.runtime.backends.TransportBackendDiscovery"
161-->[com.google.android.datatransport:transport-backend-cct:2.2.0] AndroidManifest.xml:30:13-103
162            android:exported="false" >
162-->[com.google.android.datatransport:transport-backend-cct:2.2.0] AndroidManifest.xml:31:13-37
163            <meta-data
163-->[com.google.android.datatransport:transport-backend-cct:2.2.0] AndroidManifest.xml:32:13-34:39
164                android:name="backend:com.google.android.datatransport.cct.CctBackendFactory"
164-->[com.google.android.datatransport:transport-backend-cct:2.2.0] AndroidManifest.xml:33:17-94
165                android:value="cct" />
165-->[com.google.android.datatransport:transport-backend-cct:2.2.0] AndroidManifest.xml:34:17-36
166        </service>
167        <service
167-->[com.google.android.datatransport:transport-runtime:2.2.0] AndroidManifest.xml:26:9-30:19
168            android:name="com.google.android.datatransport.runtime.scheduling.jobscheduling.JobInfoSchedulerService"
168-->[com.google.android.datatransport:transport-runtime:2.2.0] AndroidManifest.xml:27:13-117
169            android:exported="false"
169-->[com.google.android.datatransport:transport-runtime:2.2.0] AndroidManifest.xml:28:13-37
170            android:permission="android.permission.BIND_JOB_SERVICE" >
170-->[com.google.android.datatransport:transport-runtime:2.2.0] AndroidManifest.xml:29:13-69
171        </service>
172
173        <receiver
173-->[com.google.android.datatransport:transport-runtime:2.2.0] AndroidManifest.xml:32:9-34:40
174            android:name="com.google.android.datatransport.runtime.scheduling.jobscheduling.AlarmManagerSchedulerBroadcastReceiver"
174-->[com.google.android.datatransport:transport-runtime:2.2.0] AndroidManifest.xml:33:13-132
175            android:exported="false" />
175-->[com.google.android.datatransport:transport-runtime:2.2.0] AndroidManifest.xml:34:13-37
176        <receiver
176-->[com.google.firebase:firebase-iid:20.3.0] AndroidManifest.xml:37:9-44:20
177            android:name="com.google.firebase.iid.FirebaseInstanceIdReceiver"
177-->[com.google.firebase:firebase-iid:20.3.0] AndroidManifest.xml:38:13-78
178            android:exported="true"
178-->[com.google.firebase:firebase-iid:20.3.0] AndroidManifest.xml:39:13-36
179            android:permission="com.google.android.c2dm.permission.SEND" >
179-->[com.google.firebase:firebase-iid:20.3.0] AndroidManifest.xml:40:13-73
180            <intent-filter>
180-->[com.google.firebase:firebase-iid:20.3.0] AndroidManifest.xml:41:13-43:29
181                <action android:name="com.google.android.c2dm.intent.RECEIVE" />
181-->[com.google.firebase:firebase-iid:20.3.0] AndroidManifest.xml:42:17-81
181-->[com.google.firebase:firebase-iid:20.3.0] AndroidManifest.xml:42:25-78
182            </intent-filter>
183        </receiver>
184
185        <activity
185-->[com.google.firebase:firebase-auth:19.3.1] AndroidManifest.xml:24:9-31:50
186            android:name="com.google.firebase.auth.internal.FederatedSignInActivity"
186-->[com.google.firebase:firebase-auth:19.3.1] AndroidManifest.xml:25:13-85
187            android:excludeFromRecents="true"
187-->[com.google.firebase:firebase-auth:19.3.1] AndroidManifest.xml:26:13-46
188            android:exported="true"
188-->[com.google.firebase:firebase-auth:19.3.1] AndroidManifest.xml:27:13-36
189            android:launchMode="singleTask"
189-->[com.google.firebase:firebase-auth:19.3.1] AndroidManifest.xml:28:13-44
190            android:permission="com.google.firebase.auth.api.gms.permission.LAUNCH_FEDERATED_SIGN_IN"
190-->[com.google.firebase:firebase-auth:19.3.1] AndroidManifest.xml:29:13-102
191            android:theme="@android:style/Theme.Translucent.NoTitleBar" />
191-->[com.google.firebase:firebase-auth:19.3.1] AndroidManifest.xml:30:13-72
192
193        <provider
193-->[com.google.firebase:firebase-common:19.3.0] AndroidManifest.xml:26:9-30:39
194            android:name="com.google.firebase.provider.FirebaseInitProvider"
194-->[com.google.firebase:firebase-common:19.3.0] AndroidManifest.xml:27:13-77
195            android:authorities="com.huseyinasccigmail.f_mesajlasma_uygulamasi.firebaseinitprovider"
195-->[com.google.firebase:firebase-common:19.3.0] AndroidManifest.xml:28:13-72
196            android:exported="false"
196-->[com.google.firebase:firebase-common:19.3.0] AndroidManifest.xml:29:13-37
197            android:initOrder="100" />
197-->[com.google.firebase:firebase-common:19.3.0] AndroidManifest.xml:30:13-36
198
199        <receiver
199-->[com.google.android.gms:play-services-measurement:17.5.0] AndroidManifest.xml:29:9-33:20
200            android:name="com.google.android.gms.measurement.AppMeasurementReceiver"
200-->[com.google.android.gms:play-services-measurement:17.5.0] AndroidManifest.xml:30:13-85
201            android:enabled="true"
201-->[com.google.android.gms:play-services-measurement:17.5.0] AndroidManifest.xml:31:13-35
202            android:exported="false" >
202-->[com.google.android.gms:play-services-measurement:17.5.0] AndroidManifest.xml:32:13-37
203        </receiver>
204
205        <service
205-->[com.google.android.gms:play-services-measurement:17.5.0] AndroidManifest.xml:35:9-38:40
206            android:name="com.google.android.gms.measurement.AppMeasurementService"
206-->[com.google.android.gms:play-services-measurement:17.5.0] AndroidManifest.xml:36:13-84
207            android:enabled="true"
207-->[com.google.android.gms:play-services-measurement:17.5.0] AndroidManifest.xml:37:13-35
208            android:exported="false" />
208-->[com.google.android.gms:play-services-measurement:17.5.0] AndroidManifest.xml:38:13-37
209        <service
209-->[com.google.android.gms:play-services-measurement:17.5.0] AndroidManifest.xml:39:9-43:72
210            android:name="com.google.android.gms.measurement.AppMeasurementJobService"
210-->[com.google.android.gms:play-services-measurement:17.5.0] AndroidManifest.xml:40:13-87
211            android:enabled="true"
211-->[com.google.android.gms:play-services-measurement:17.5.0] AndroidManifest.xml:41:13-35
212            android:exported="false"
212-->[com.google.android.gms:play-services-measurement:17.5.0] AndroidManifest.xml:42:13-37
213            android:permission="android.permission.BIND_JOB_SERVICE" />
213-->[com.google.android.gms:play-services-measurement:17.5.0] AndroidManifest.xml:43:13-69
214
215        <activity
215-->[com.google.android.gms:play-services-auth:18.1.0] AndroidManifest.xml:23:9-27:75
216            android:name="com.google.android.gms.auth.api.signin.internal.SignInHubActivity"
216-->[com.google.android.gms:play-services-auth:18.1.0] AndroidManifest.xml:24:13-93
217            android:excludeFromRecents="true"
217-->[com.google.android.gms:play-services-auth:18.1.0] AndroidManifest.xml:25:13-46
218            android:exported="false"
218-->[com.google.android.gms:play-services-auth:18.1.0] AndroidManifest.xml:26:13-37
219            android:theme="@android:style/Theme.Translucent.NoTitleBar" />
219-->[com.google.android.gms:play-services-auth:18.1.0] AndroidManifest.xml:27:13-72
220        <!--
221            Service handling Google Sign-In user revocation. For apps that do not integrate with
222            Google Sign-In, this service will never be started.
223        -->
224        <service
224-->[com.google.android.gms:play-services-auth:18.1.0] AndroidManifest.xml:33:9-37:51
225            android:name="com.google.android.gms.auth.api.signin.RevocationBoundService"
225-->[com.google.android.gms:play-services-auth:18.1.0] AndroidManifest.xml:34:13-89
226            android:exported="true"
226-->[com.google.android.gms:play-services-auth:18.1.0] AndroidManifest.xml:35:13-36
227            android:permission="com.google.android.gms.auth.api.signin.permission.REVOCATION_NOTIFICATION"
227-->[com.google.android.gms:play-services-auth:18.1.0] AndroidManifest.xml:36:13-107
228            android:visibleToInstantApps="true" />
228-->[com.google.android.gms:play-services-auth:18.1.0] AndroidManifest.xml:37:13-48
229
230        <activity
230-->[com.google.android.gms:play-services-base:17.1.0] AndroidManifest.xml:23:9-26:75
231            android:name="com.google.android.gms.common.api.GoogleApiActivity"
231-->[com.google.android.gms:play-services-base:17.1.0] AndroidManifest.xml:24:13-79
232            android:exported="false"
232-->[com.google.android.gms:play-services-base:17.1.0] AndroidManifest.xml:25:13-37
233            android:theme="@android:style/Theme.Translucent.NoTitleBar" /> <!-- Include the AdActivity and InAppPurchaseActivity configChanges and themes. -->
233-->[com.google.android.gms:play-services-base:17.1.0] AndroidManifest.xml:26:13-72
234        <activity
234-->[com.google.android.gms:play-services-ads-lite:19.1.0] AndroidManifest.xml:29:9-33:64
235            android:name="com.google.android.gms.ads.AdActivity"
235-->[com.google.android.gms:play-services-ads-lite:19.1.0] AndroidManifest.xml:30:13-65
236            android:configChanges="keyboard|keyboardHidden|orientation|screenLayout|uiMode|screenSize|smallestScreenSize"
236-->[com.google.android.gms:play-services-ads-lite:19.1.0] AndroidManifest.xml:31:13-122
237            android:exported="false"
237-->[com.google.android.gms:play-services-ads-lite:19.1.0] AndroidManifest.xml:32:13-37
238            android:theme="@android:style/Theme.Translucent" />
238-->[com.google.android.gms:play-services-ads-lite:19.1.0] AndroidManifest.xml:33:13-61
239
240        <provider
240-->[com.google.android.gms:play-services-ads-lite:19.1.0] AndroidManifest.xml:35:9-39:39
241            android:name="com.google.android.gms.ads.MobileAdsInitProvider"
241-->[com.google.android.gms:play-services-ads-lite:19.1.0] AndroidManifest.xml:36:13-76
242            android:authorities="com.huseyinasccigmail.f_mesajlasma_uygulamasi.mobileadsinitprovider"
242-->[com.google.android.gms:play-services-ads-lite:19.1.0] AndroidManifest.xml:37:13-73
243            android:exported="false"
243-->[com.google.android.gms:play-services-ads-lite:19.1.0] AndroidManifest.xml:38:13-37
244            android:initOrder="100" />
244-->[com.google.android.gms:play-services-ads-lite:19.1.0] AndroidManifest.xml:39:13-36
245
246        <meta-data
246-->[com.google.android.gms:play-services-basement:17.1.1] AndroidManifest.xml:23:9-25:69
247            android:name="com.google.android.gms.version"
247-->[com.google.android.gms:play-services-basement:17.1.1] AndroidManifest.xml:24:13-58
248            android:value="@integer/google_play_services_version" />
248-->[com.google.android.gms:play-services-basement:17.1.1] AndroidManifest.xml:25:13-66
249    </application>
250
251</manifest>